  Source.cpp
LINK : warning LNK4098: defaultlib 'MSVCRT' conflicts with use of other libs; use /NODEFAULTLIB:library
Source.obj : error LNK2019: unresolved external symbol _gladLoadGLLoader referenced in function _main
Source.obj : error LNK2001: unresolved external symbol _glad_glClear
Source.obj : error LNK2001: unresolved external symbol _glad_glClearColor
Source.obj : error LNK2001: unresolved external symbol _glad_glViewport
Source.obj : error LNK2001: unresolved external symbol _glad_glDrawElements
Source.obj : error LNK2001: unresolved external symbol _glad_glBindBuffer
Source.obj : error LNK2001: unresolved external symbol _glad_glDeleteBuffers
Source.obj : error LNK2001: unresolved external symbol _glad_glGenBuffers
Source.obj : error LNK2001: unresolved external symbol _glad_glBufferData
Source.obj : error LNK2001: unresolved external symbol _glad_glAttachShader
Source.obj : error LNK2001: unresolved external symbol _glad_glCompileShader
Source.obj : error LNK2001: unresolved external symbol _glad_glCreateProgram
Source.obj : error LNK2001: unresolved external symbol _glad_glCreateShader
Source.obj : error LNK2001: unresolved external symbol _glad_glDeleteShader
Source.obj : error LNK2001: unresolved external symbol _glad_glEnableVertexAttribArray
Source.obj : error LNK2001: unresolved external symbol _glad_glGetProgramiv
Source.obj : error LNK2001: unresolved external symbol _glad_glGetProgramInfoLog
Source.obj : error LNK2001: unresolved external symbol _glad_glGetShaderiv
Source.obj : error LNK2001: unresolved external symbol _glad_glGetShaderInfoLog
Source.obj : error LNK2001: unresolved external symbol _glad_glLinkProgram
Source.obj : error LNK2001: unresolved external symbol _glad_glShaderSource
Source.obj : error LNK2001: unresolved external symbol _glad_glUseProgram
Source.obj : error LNK2001: unresolved external symbol _glad_glVertexAttribPointer
Source.obj : error LNK2001: unresolved external symbol _glad_glBindVertexArray
Source.obj : error LNK2001: unresolved external symbol _glad_glDeleteVertexArrays
Source.obj : error LNK2001: unresolved external symbol _glad_glGenVertexArrays
C:\Users\alexm\OneDrive\Desktop\OpenGl-Learning\Debug\OpenGl-Learning.exe : fatal error LNK1120: 26 unresolved externals
